<?xml version="1.0" encoding="UTF-8"?>
<!-- Generated by org.testng.reporters.JUnitReportReporter -->
<testsuite hostname="TC-02-PC" name="com.punchit.scripts.GileadimV2.GLIM_V2_Stry000000_IM36" tests="1" failures="0" timestamp="15 Jul 2016 11:30:23 GMT" time="90.879" errors="0">
  <testcase name="createIncident" time="90.879" classname="com.punchit.scripts.GileadimV2.GLIM_V2_Stry000000_IM36"/>
</testsuite> <!-- com.punchit.scripts.GileadimV2.GLIM_V2_Stry000000_IM36 -->
