<?xml version="1.0" encoding="UTF-8"?>
<!-- Generated by org.testng.reporters.JUnitReportReporter -->
<testsuite hostname="TC-02-PC" name="com.punchit.scripts.lc.LC_GapScript_01" tests="1" failures="0" timestamp="25 Jul 2016 11:17:57 GMT" time="72.264" errors="0">
  <testcase name="createIncident" time="72.264" classname="com.punchit.scripts.lc.LC_GapScript_01"/>
</testsuite> <!-- com.punchit.scripts.lc.LC_GapScript_01 -->
