<?xml version="1.0" encoding="UTF-8"?>
<!-- Generated by org.testng.reporters.JUnitReportReporter -->
<testsuite hostname="TC-02-PC" name="com.punchit.scripts.lc.LC_GapScript_02" tests="1" failures="0" timestamp="25 Jul 2016 06:41:31 GMT" time="59.992" errors="0">
  <testcase name="createIncident" time="59.992" classname="com.punchit.scripts.lc.LC_GapScript_02"/>
</testsuite> <!-- com.punchit.scripts.lc.LC_GapScript_02 -->
