<?xml version="1.0" encoding="UTF-8"?>
<!-- Generated by org.testng.reporters.JUnitReportReporter -->
<testsuite hostname="TC-02-PC" name="com.punchit.scripts.GileadimV2.GLIM_V2_Stry000000_IM22_3" tests="1" failures="0" timestamp="15 Jul 2016 07:48:23 GMT" time="144.989" errors="0">
  <testcase name="createIncident" time="144.989" classname="com.punchit.scripts.GileadimV2.GLIM_V2_Stry000000_IM22_3"/>
</testsuite> <!-- com.punchit.scripts.GileadimV2.GLIM_V2_Stry000000_IM22_3 -->
