<?xml version="1.0" encoding="UTF-8"?>
<!-- Generated by org.testng.reporters.JUnitReportReporter -->
<testsuite hostname="TC-02-PC" name="com.punchit.scripts.GileadimV2.GLIM_V2_Stry000000_IM51_4" tests="1" failures="0" timestamp="20 Jul 2016 07:03:38 GMT" time="253.000" errors="0">
  <testcase name="createIncident" time="253.000" classname="com.punchit.scripts.GileadimV2.GLIM_V2_Stry000000_IM51_4"/>
</testsuite> <!-- com.punchit.scripts.GileadimV2.GLIM_V2_Stry000000_IM51_4 -->
