<?xml version="1.0" encoding="UTF-8"?>
<!-- Generated by org.testng.reporters.JUnitReportReporter -->
<testsuite hostname="TC-02-PC" name="com.punchit.scripts.GileadimV2.GLIM_V2_Stry000000_IM51_1" tests="1" failures="0" timestamp="21 Jul 2016 07:34:11 GMT" time="267.640" errors="0">
  <testcase name="createIncident" time="267.640" classname="com.punchit.scripts.GileadimV2.GLIM_V2_Stry000000_IM51_1"/>
</testsuite> <!-- com.punchit.scripts.GileadimV2.GLIM_V2_Stry000000_IM51_1 -->
