<?xml version="1.0" encoding="UTF-8"?>
<!-- Generated by org.testng.reporters.JUnitReportReporter -->
<testsuite hostname="TC-02-PC" name="com.punchit.scripts.GileadimV2.GLIM_V2_Stry000000_IM21_4" tests="1" failures="0" timestamp="15 Jul 2016 12:14:06 GMT" time="250.408" errors="0">
  <testcase name="createIncident" time="250.408" classname="com.punchit.scripts.GileadimV2.GLIM_V2_Stry000000_IM21_4"/>
</testsuite> <!-- com.punchit.scripts.GileadimV2.GLIM_V2_Stry000000_IM21_4 -->
